{
  level: 'warn',
  message: 'HTTP POST /update_Min_Max_Ag',
  metadata: {
    meta: {
      req: {
        url: '/update_Min_Max_Ag',
        headers: {
          'user-agent': 'PostmanRuntime/7.35.0',
          accept: '*/*',
          'postman-token': '8f3bb7bf-d612-48f4-8e71-ed8b837a5061',
          host: 'localhost:3000',
          'accept-encoding': 'gzip, deflate, br',
          connection: 'keep-alive',
          cookie: 'access-Token=eyJhbGciOiJIUzI1NiIsInR5cCI6IkpXVCJ9.eyJpYXQiOjE3MDEwNzE4OTF9.tV2xhlx7aa090C5FdcYjhnbitTCdGqesZ27n6C9Jric',
          'content-length': '0'
        },
        method: 'POST',
        httpVersion: '1.1',
        originalUrl: '/update_Min_Max_Ag',
        query: {}
      },
      res: { statusCode: 404 },
      responseTime: 11
    },
    timestamp: '2023-11-27T10:51:04.623Z'
  }
}
{
  level: 'error',
  message: 'HTTP POST /update_Min_Max_Age',
  metadata: {
    meta: {
      req: {
        url: '/update_Min_Max_Age',
        headers: {
          'user-agent': 'PostmanRuntime/7.35.0',
          accept: '*/*',
          'postman-token': '1d9aa406-76f1-43e7-a04d-2d0890faa6df',
          host: 'localhost:3000',
          'accept-encoding': 'gzip, deflate, br',
          connection: 'keep-alive',
          'content-type': 'application/x-www-form-urlencoded',
          'content-length': '58',
          cookie: 'access-Token=eyJhbGciOiJIUzI1NiIsInR5cCI6IkpXVCJ9.eyJpYXQiOjE3MDEwNzE4OTF9.tV2xhlx7aa090C5FdcYjhnbitTCdGqesZ27n6C9Jric'
        },
        method: 'POST',
        httpVersion: '1.1',
        originalUrl: '/update_Min_Max_Age',
        query: {}
      },
      res: { statusCode: 500 },
      responseTime: 23
    },
    timestamp: '2023-11-27T10:54:14.755Z'
  }
}
{
  level: 'warn',
  message: 'HTTP GET /loginOTP',
  metadata: {
    meta: {
      req: {
        url: '/loginOTP',
        headers: {
          'user-agent': 'PostmanRuntime/7.35.0',
          accept: '*/*',
          'postman-token': 'c5f3ad9b-7b6f-42d5-b718-6b1b1789bb32',
          host: 'localhost:3000',
          'accept-encoding': 'gzip, deflate, br',
          connection: 'keep-alive',
          'content-type': 'application/x-www-form-urlencoded',
          'content-length': '41',
          cookie: 'access-Token=eyJhbGciOiJIUzI1NiIsInR5cCI6IkpXVCJ9.eyJpYXQiOjE3MDEwODQzOTF9.Cp4Ci_CqXpkyjIIrSEqAcQS6fG1bpeTjgxpeDuUBuq4'
        },
        method: 'GET',
        httpVersion: '1.1',
        originalUrl: '/loginOTP',
        query: {}
      },
      res: { statusCode: 404 },
      responseTime: 56
    },
    timestamp: '2023-11-28T06:07:23.934Z'
  }
}
{
  level: 'warn',
  message: 'HTTP GET /loginOTP',
  metadata: {
    meta: {
      req: {
        url: '/loginOTP',
        headers: {
          'user-agent': 'PostmanRuntime/7.35.0',
          accept: '*/*',
          'postman-token': '6ea1ea96-1380-4409-b5af-6a5d60daf9f1',
          host: 'localhost:3000',
          'accept-encoding': 'gzip, deflate, br',
          connection: 'keep-alive',
          'content-type': 'application/x-www-form-urlencoded',
          'content-length': '41',
          cookie: 'access-Token=eyJhbGciOiJIUzI1NiIsInR5cCI6IkpXVCJ9.eyJpYXQiOjE3MDEwODQzOTF9.Cp4Ci_CqXpkyjIIrSEqAcQS6fG1bpeTjgxpeDuUBuq4'
        },
        method: 'GET',
        httpVersion: '1.1',
        originalUrl: '/loginOTP',
        query: {}
      },
      res: { statusCode: 404 },
      responseTime: 49
    },
    timestamp: '2023-11-28T06:08:45.385Z'
  }
}
{
  level: 'warn',
  message: 'HTTP POST /loginOTP',
  metadata: {
    meta: {
      req: {
        url: '/loginOTP',
        headers: {
          'user-agent': 'PostmanRuntime/7.35.0',
          accept: '*/*',
          'postman-token': 'ab0b0f67-bdb9-4bab-b0ed-1c17c15a574d',
          host: 'localhost:3000',
          'accept-encoding': 'gzip, deflate, br',
          connection: 'keep-alive',
          'content-type': 'application/x-www-form-urlencoded',
          'content-length': '41',
          cookie: 'access-Token=eyJhbGciOiJIUzI1NiIsInR5cCI6IkpXVCJ9.eyJpYXQiOjE3MDExNTMwNjh9._kWokqP5NPNOkOyYe56_k_cMhv0llkYepARc994rTrA'
        },
        method: 'POST',
        httpVersion: '1.1',
        originalUrl: '/loginOTP',
        query: {}
      },
      res: { statusCode: 400 },
      responseTime: 668
    },
    timestamp: '2023-11-28T06:35:59.863Z'
  }
}
{
  level: 'warn',
  message: 'HTTP POST /loginOTP',
  metadata: {
    meta: {
      req: {
        url: '/loginOTP',
        headers: {
          'user-agent': 'PostmanRuntime/7.35.0',
          accept: '*/*',
          'postman-token': '657d011b-a5fb-4820-acd5-b55a7efe0b8e',
          host: 'localhost:3000',
          'accept-encoding': 'gzip, deflate, br',
          connection: 'keep-alive',
          'content-type': 'application/x-www-form-urlencoded',
          'content-length': '41',
          cookie: 'access-Token=eyJhbGciOiJIUzI1NiIsInR5cCI6IkpXVCJ9.eyJpYXQiOjE3MDExNTMwNjh9._kWokqP5NPNOkOyYe56_k_cMhv0llkYepARc994rTrA'
        },
        method: 'POST',
        httpVersion: '1.1',
        originalUrl: '/loginOTP',
        query: {}
      },
      res: { statusCode: 400 },
      responseTime: 734
    },
    timestamp: '2023-11-28T06:39:15.345Z'
  }
}
{
  level: 'warn',
  message: 'HTTP POST /loginOTP',
  metadata: {
    meta: {
      req: {
        url: '/loginOTP',
        headers: {
          'user-agent': 'PostmanRuntime/7.35.0',
          accept: '*/*',
          'postman-token': '4b2055c5-5a2f-4c6f-8c76-94638e0d82af',
          host: 'localhost:3000',
          'accept-encoding': 'gzip, deflate, br',
          connection: 'keep-alive',
          'content-type': 'application/x-www-form-urlencoded',
          'content-length': '41',
          cookie: 'access-Token=eyJhbGciOiJIUzI1NiIsInR5cCI6IkpXVCJ9.eyJpYXQiOjE3MDExNTMwNjh9._kWokqP5NPNOkOyYe56_k_cMhv0llkYepARc994rTrA'
        },
        method: 'POST',
        httpVersion: '1.1',
        originalUrl: '/loginOTP',
        query: {}
      },
      res: { statusCode: 400 },
      responseTime: 669
    },
    timestamp: '2023-11-28T06:39:56.181Z'
  }
}
{
  level: 'warn',
  message: 'HTTP POST /loginOTP',
  metadata: {
    meta: {
      req: {
        url: '/loginOTP',
        headers: {
          'user-agent': 'PostmanRuntime/7.35.0',
          accept: '*/*',
          'postman-token': '98928d4d-70ea-4ae6-834a-7fe68870e1c5',
          host: 'localhost:3000',
          'accept-encoding': 'gzip, deflate, br',
          connection: 'keep-alive',
          'content-type': 'application/x-www-form-urlencoded',
          'content-length': '41',
          cookie: 'access-Token=eyJhbGciOiJIUzI1NiIsInR5cCI6IkpXVCJ9.eyJpYXQiOjE3MDExNTM2Mjd9.w2dpaMkS9LoqmAkfjSU8b893nhA-Ww_26tvL8tMIhH0'
        },
        method: 'POST',
        httpVersion: '1.1',
        originalUrl: '/loginOTP',
        query: {}
      },
      res: { statusCode: 400 },
      responseTime: 44
    },
    timestamp: '2023-11-28T06:43:46.252Z'
  }
}
{
  level: 'warn',
  message: 'HTTP POST /loginOTP',
  metadata: {
    meta: {
      req: {
        url: '/loginOTP',
        headers: {
          'user-agent': 'PostmanRuntime/7.35.0',
          accept: '*/*',
          'postman-token': '55089131-67cf-47d7-ae36-23d10d2385d4',
          host: 'localhost:3000',
          'accept-encoding': 'gzip, deflate, br',
          connection: 'keep-alive',
          'content-type': 'application/x-www-form-urlencoded',
          'content-length': '46',
          cookie: 'access-Token=eyJhbGciOiJIUzI1NiIsInR5cCI6IkpXVCJ9.eyJpYXQiOjE3MDExNTM4NDV9.S40LVsdU1iYNwcfuYnubo37En_Ef5gc3oYFLAuwwLNk'
        },
        method: 'POST',
        httpVersion: '1.1',
        originalUrl: '/loginOTP',
        query: {}
      },
      res: { statusCode: 400 },
      responseTime: 43
    },
    timestamp: '2023-11-28T07:33:45.809Z'
  }
}
{
  level: 'warn',
  message: 'HTTP POST /loginOTP',
  metadata: {
    meta: {
      req: {
        url: '/loginOTP',
        headers: {
          'user-agent': 'PostmanRuntime/7.35.0',
          accept: '*/*',
          'postman-token': 'b0519221-d321-4dbf-858d-a8c6773e99e3',
          host: 'localhost:3000',
          'accept-encoding': 'gzip, deflate, br',
          connection: 'keep-alive',
          'content-type': 'application/x-www-form-urlencoded',
          'content-length': '46',
          cookie: 'access-Token=eyJhbGciOiJIUzI1NiIsInR5cCI6IkpXVCJ9.eyJpYXQiOjE3MDExNTM4NDV9.S40LVsdU1iYNwcfuYnubo37En_Ef5gc3oYFLAuwwLNk'
        },
        method: 'POST',
        httpVersion: '1.1',
        originalUrl: '/loginOTP',
        query: {}
      },
      res: { statusCode: 400 },
      responseTime: 1597
    },
    timestamp: '2023-11-28T07:35:36.187Z'
  }
}
{
  level: 'warn',
  message: 'HTTP POST /loginOTP',
  metadata: {
    meta: {
      req: {
        url: '/loginOTP',
        headers: {
          'user-agent': 'PostmanRuntime/7.35.0',
          accept: '*/*',
          'postman-token': '83ec6e5b-f722-4d94-9ec4-9dc65b5597f3',
          host: 'localhost:3000',
          'accept-encoding': 'gzip, deflate, br',
          connection: 'keep-alive',
          'content-type': 'application/x-www-form-urlencoded',
          'content-length': '46',
          cookie: 'access-Token=eyJhbGciOiJIUzI1NiIsInR5cCI6IkpXVCJ9.eyJpYXQiOjE3MDExNTM4NDV9.S40LVsdU1iYNwcfuYnubo37En_Ef5gc3oYFLAuwwLNk'
        },
        method: 'POST',
        httpVersion: '1.1',
        originalUrl: '/loginOTP',
        query: {}
      },
      res: { statusCode: 400 },
      responseTime: 1331
    },
    timestamp: '2023-11-28T07:35:55.944Z'
  }
}
{
  level: 'warn',
  message: 'HTTP POST /loginOTP',
  metadata: {
    meta: {
      req: {
        url: '/loginOTP',
        headers: {
          'user-agent': 'PostmanRuntime/7.35.0',
          accept: '*/*',
          'postman-token': '23ff0e1e-259f-48ef-a04e-200b51b4a593',
          host: 'localhost:3000',
          'accept-encoding': 'gzip, deflate, br',
          connection: 'keep-alive',
          'content-type': 'application/x-www-form-urlencoded',
          'content-length': '46',
          cookie: 'access-Token=eyJhbGciOiJIUzI1NiIsInR5cCI6IkpXVCJ9.eyJpYXQiOjE3MDExNTM4NDV9.S40LVsdU1iYNwcfuYnubo37En_Ef5gc3oYFLAuwwLNk'
        },
        method: 'POST',
        httpVersion: '1.1',
        originalUrl: '/loginOTP',
        query: {}
      },
      res: { statusCode: 400 },
      responseTime: 1417
    },
    timestamp: '2023-11-28T07:37:07.165Z'
  }
}
{
  level: 'warn',
  message: 'HTTP POST /loginOTP',
  metadata: {
    meta: {
      req: {
        url: '/loginOTP',
        headers: {
          'user-agent': 'PostmanRuntime/7.35.0',
          accept: '*/*',
          'postman-token': '98d9e3e4-2094-417b-b43c-c7e04f6f4809',
          host: 'localhost:3000',
          'accept-encoding': 'gzip, deflate, br',
          connection: 'keep-alive',
          'content-type': 'application/x-www-form-urlencoded',
          'content-length': '46',
          cookie: 'access-Token=eyJhbGciOiJIUzI1NiIsInR5cCI6IkpXVCJ9.eyJpYXQiOjE3MDExNTM4NDV9.S40LVsdU1iYNwcfuYnubo37En_Ef5gc3oYFLAuwwLNk'
        },
        method: 'POST',
        httpVersion: '1.1',
        originalUrl: '/loginOTP',
        query: {}
      },
      res: { statusCode: 400 },
      responseTime: 1396
    },
    timestamp: '2023-11-28T07:38:00.767Z'
  }
}
{
  level: 'warn',
  message: 'HTTP POST /loginOTP',
  metadata: {
    meta: {
      req: {
        url: '/loginOTP',
        headers: {
          'user-agent': 'PostmanRuntime/7.35.0',
          accept: '*/*',
          'postman-token': '89401036-d65a-4182-a4d9-c22a5f83748c',
          host: 'localhost:3000',
          'accept-encoding': 'gzip, deflate, br',
          connection: 'keep-alive',
          'content-type': 'application/x-www-form-urlencoded',
          'content-length': '45',
          cookie: 'access-Token=eyJhbGciOiJIUzI1NiIsInR5cCI6IkpXVCJ9.eyJpYXQiOjE3MDExNjE5NzV9.DV1I4XpzOTSPUV1w5AG1uLIHh3Mgu_NwDFjwOT-3240'
        },
        method: 'POST',
        httpVersion: '1.1',
        originalUrl: '/loginOTP',
        query: {}
      },
      res: { statusCode: 400 },
      responseTime: 1428
    },
    timestamp: '2023-11-28T09:08:17.656Z'
  }
}
{
  level: 'warn',
  message: 'HTTP POST /loginOTP',
  metadata: {
    meta: {
      req: {
        url: '/loginOTP',
        headers: {
          'user-agent': 'PostmanRuntime/7.35.0',
          accept: '*/*',
          'postman-token': '0d6f212e-8e59-493a-aa9c-1bbaa94555ac',
          host: 'localhost:3000',
          'accept-encoding': 'gzip, deflate, br',
          connection: 'keep-alive',
          'content-type': 'application/x-www-form-urlencoded',
          'content-length': '41',
          cookie: 'access-Token=eyJhbGciOiJIUzI1NiIsInR5cCI6IkpXVCJ9.eyJpYXQiOjE3MDExNjI1NDJ9._rVaST30Wwk2asJvSCRuL-a_BjJc-2uoaWeao49Pcjc'
        },
        method: 'POST',
        httpVersion: '1.1',
        originalUrl: '/loginOTP',
        query: {}
      },
      res: { statusCode: 400 },
      responseTime: 940
    },
    timestamp: '2023-11-28T09:09:46.337Z'
  }
}
{
  level: 'warn',
  message: 'HTTP POST /loginOTP',
  metadata: {
    meta: {
      req: {
        url: '/loginOTP',
        headers: {
          'user-agent': 'PostmanRuntime/7.35.0',
          accept: '*/*',
          'postman-token': 'c2c298cc-cc78-4893-9dc2-3106ca79bc40',
          host: 'localhost:3000',
          'accept-encoding': 'gzip, deflate, br',
          connection: 'keep-alive',
          'content-type': 'application/x-www-form-urlencoded',
          'content-length': '48',
          cookie: 'access-Token=eyJhbGciOiJIUzI1NiIsInR5cCI6IkpXVCJ9.eyJpYXQiOjE3MDExNjI1NDJ9._rVaST30Wwk2asJvSCRuL-a_BjJc-2uoaWeao49Pcjc'
        },
        method: 'POST',
        httpVersion: '1.1',
        originalUrl: '/loginOTP',
        query: {}
      },
      res: { statusCode: 400 },
      responseTime: 2154
    },
    timestamp: '2023-11-28T09:15:55.565Z'
  }
}
{
  level: 'warn',
  message: 'HTTP POST /loginOTP',
  metadata: {
    meta: {
      req: {
        url: '/loginOTP',
        headers: {
          'user-agent': 'PostmanRuntime/7.35.0',
          accept: '*/*',
          'postman-token': 'b6efa3c4-92ea-41db-a70f-f28edbb63f18',
          host: 'localhost:3000',
          'accept-encoding': 'gzip, deflate, br',
          connection: 'keep-alive',
          'content-type': 'application/x-www-form-urlencoded',
          'content-length': '45',
          cookie: 'access-Token=eyJhbGciOiJIUzI1NiIsInR5cCI6IkpXVCJ9.eyJpYXQiOjE3MDExNjI1NDJ9._rVaST30Wwk2asJvSCRuL-a_BjJc-2uoaWeao49Pcjc'
        },
        method: 'POST',
        httpVersion: '1.1',
        originalUrl: '/loginOTP',
        query: {}
      },
      res: { statusCode: 400 },
      responseTime: 2003
    },
    timestamp: '2023-11-28T09:19:50.052Z'
  }
}
{
  level: 'error',
  message: 'HTTP GET /resetPassword?Token=eyJhbGciOiJIUzI1NiIsInR5cCI6IkpXVCJ9.eyJpYXQiOjE3MDExNjM4MzR9.XOtmKodBT1P3xolbV2kZNUkfuCateLUnZaT0pvjOHv8',
  metadata: {
    meta: {
      req: {
        url: '/resetPassword?Token=eyJhbGciOiJIUzI1NiIsInR5cCI6IkpXVCJ9.eyJpYXQiOjE3MDExNjM4MzR9.XOtmKodBT1P3xolbV2kZNUkfuCateLUnZaT0pvjOHv8',
        headers: {
          host: 'localhost:3000',
          connection: 'keep-alive',
          'upgrade-insecure-requests': '1',
          'user-agent': 'Mozilla/5.0 (Windows NT 10.0; Win64; x64) AppleWebKit/537.36 (KHTML, like Gecko) Chrome/119.0.0.0 Safari/537.36',
          accept: 'text/html,application/xhtml+xml,application/xml;q=0.9,image/avif,image/webp,image/apng,*/*;q=0.8,application/signed-exchange;v=b3;q=0.7',
          'sec-fetch-site': 'cross-site',
          'sec-fetch-mode': 'navigate',
          'sec-fetch-user': '?1',
          'sec-fetch-dest': 'document',
          'sec-ch-ua': '"Google Chrome";v="119", "Chromium";v="119", "Not?A_Brand";v="24"',
          'sec-ch-ua-mobile': '?0',
          'sec-ch-ua-platform': '"Windows"',
          'accept-encoding': 'gzip, deflate, br',
          'accept-language': 'en-US,en;q=0.9,hi;q=0.8',
          cookie: '_ga=GA1.1.1886291254.1682057682; _ga_3NEVJSRSKR=GS1.1.1700828023.3.1.1700828066.0.0.0; _fbp=fb.0.1700828178904.1226289649; _ga_20G8W6MJ0V=GS1.1.1700828178.1.1.1700828290.0.0.0'
        },
        method: 'GET',
        httpVersion: '1.1',
        originalUrl: '/resetPassword?Token=eyJhbGciOiJIUzI1NiIsInR5cCI6IkpXVCJ9.eyJpYXQiOjE3MDExNjM4MzR9.XOtmKodBT1P3xolbV2kZNUkfuCateLUnZaT0pvjOHv8',
        query: {
          Token: 'eyJhbGciOiJIUzI1NiIsInR5cCI6IkpXVCJ9.eyJpYXQiOjE3MDExNjM4MzR9.XOtmKodBT1P3xolbV2kZNUkfuCateLUnZaT0pvjOHv8'
        }
      },
      res: { statusCode: 500 },
      responseTime: 26
    },
    timestamp: '2023-11-28T09:31:26.589Z'
  }
}
{
  level: 'warn',
  message: 'HTTP GET /favicon.ico',
  metadata: {
    meta: {
      req: {
        url: '/favicon.ico',
        headers: {
          host: 'localhost:3000',
          connection: 'keep-alive',
          'sec-ch-ua': '"Google Chrome";v="119", "Chromium";v="119", "Not?A_Brand";v="24"',
          'sec-ch-ua-mobile': '?0',
          'user-agent': 'Mozilla/5.0 (Windows NT 10.0; Win64; x64) AppleWebKit/537.36 (KHTML, like Gecko) Chrome/119.0.0.0 Safari/537.36',
          'sec-ch-ua-platform': '"Windows"',
          accept: 'image/avif,image/webp,image/apng,image/svg+xml,image/*,*/*;q=0.8',
          'sec-fetch-site': 'same-origin',
          'sec-fetch-mode': 'no-cors',
          'sec-fetch-dest': 'image',
          referer: 'http://localhost:3000/resetPassword?Token=eyJhbGciOiJIUzI1NiIsInR5cCI6IkpXVCJ9.eyJpYXQiOjE3MDExNjM4MzR9.XOtmKodBT1P3xolbV2kZNUkfuCateLUnZaT0pvjOHv8',
          'accept-encoding': 'gzip, deflate, br',
          'accept-language': 'en-US,en;q=0.9,hi;q=0.8',
          cookie: '_ga=GA1.1.1886291254.1682057682; _ga_3NEVJSRSKR=GS1.1.1700828023.3.1.1700828066.0.0.0; _fbp=fb.0.1700828178904.1226289649; _ga_20G8W6MJ0V=GS1.1.1700828178.1.1.1700828290.0.0.0'
        },
        method: 'GET',
        httpVersion: '1.1',
        originalUrl: '/favicon.ico',
        query: {}
      },
      res: { statusCode: 404 },
      responseTime: 17
    },
    timestamp: '2023-11-28T09:31:26.696Z'
  }
}
{
  level: 'warn',
  message: 'HTTP GET /resetPassword?Token=eyJhbGciOiJIUzI1NiIsInR5cCI6IkpXVCJ9.eyJpYXQiOjE3MDExNjQ0NDd9.Lw5frzPjle-eZcEUoxl5BJxB82M9NtNRjQhjGhk7nZY',
  metadata: {
    meta: {
      req: {
        url: '/resetPassword?Token=eyJhbGciOiJIUzI1NiIsInR5cCI6IkpXVCJ9.eyJpYXQiOjE3MDExNjQ0NDd9.Lw5frzPjle-eZcEUoxl5BJxB82M9NtNRjQhjGhk7nZY',
        headers: {
          host: 'localhost:3000',
          connection: 'keep-alive',
          'upgrade-insecure-requests': '1',
          'user-agent': 'Mozilla/5.0 (Windows NT 10.0; Win64; x64) AppleWebKit/537.36 (KHTML, like Gecko) Chrome/119.0.0.0 Safari/537.36',
          accept: 'text/html,application/xhtml+xml,application/xml;q=0.9,image/avif,image/webp,image/apng,*/*;q=0.8,application/signed-exchange;v=b3;q=0.7',
          'sec-fetch-site': 'cross-site',
          'sec-fetch-mode': 'navigate',
          'sec-fetch-user': '?1',
          'sec-fetch-dest': 'document',
          'sec-ch-ua': '"Google Chrome";v="119", "Chromium";v="119", "Not?A_Brand";v="24"',
          'sec-ch-ua-mobile': '?0',
          'sec-ch-ua-platform': '"Windows"',
          'accept-encoding': 'gzip, deflate, br',
          'accept-language': 'en-US,en;q=0.9'
        },
        method: 'GET',
        httpVersion: '1.1',
        originalUrl: '/resetPassword?Token=eyJhbGciOiJIUzI1NiIsInR5cCI6IkpXVCJ9.eyJpYXQiOjE3MDExNjQ0NDd9.Lw5frzPjle-eZcEUoxl5BJxB82M9NtNRjQhjGhk7nZY',
        query: {
          Token: 'eyJhbGciOiJIUzI1NiIsInR5cCI6IkpXVCJ9.eyJpYXQiOjE3MDExNjQ0NDd9.Lw5frzPjle-eZcEUoxl5BJxB82M9NtNRjQhjGhk7nZY'
        }
      },
      res: { statusCode: 400 },
      responseTime: 12
    },
    timestamp: '2023-11-28T09:41:29.033Z'
  }
}
{
  level: 'warn',
  message: 'HTTP GET /favicon.ico',
  metadata: {
    meta: {
      req: {
        url: '/favicon.ico',
        headers: {
          host: 'localhost:3000',
          connection: 'keep-alive',
          'sec-ch-ua': '"Google Chrome";v="119", "Chromium";v="119", "Not?A_Brand";v="24"',
          'sec-ch-ua-mobile': '?0',
          'user-agent': 'Mozilla/5.0 (Windows NT 10.0; Win64; x64) AppleWebKit/537.36 (KHTML, like Gecko) Chrome/119.0.0.0 Safari/537.36',
          'sec-ch-ua-platform': '"Windows"',
          accept: 'image/avif,image/webp,image/apng,image/svg+xml,image/*,*/*;q=0.8',
          'sec-fetch-site': 'same-origin',
          'sec-fetch-mode': 'no-cors',
          'sec-fetch-dest': 'image',
          referer: 'http://localhost:3000/resetPassword?Token=eyJhbGciOiJIUzI1NiIsInR5cCI6IkpXVCJ9.eyJpYXQiOjE3MDExNjQ0NDd9.Lw5frzPjle-eZcEUoxl5BJxB82M9NtNRjQhjGhk7nZY',
          'accept-encoding': 'gzip, deflate, br',
          'accept-language': 'en-US,en;q=0.9'
        },
        method: 'GET',
        httpVersion: '1.1',
        originalUrl: '/favicon.ico',
        query: {}
      },
      res: { statusCode: 404 },
      responseTime: 23
    },
    timestamp: '2023-11-28T09:41:29.131Z'
  }
}
{
  level: 'error',
  message: 'HTTP DELETE /DeleteProfile',
  metadata: {
    meta: {
      req: {
        url: '/DeleteProfile',
        headers: {
          'user-agent': 'PostmanRuntime/7.35.0',
          accept: '*/*',
          'postman-token': 'c19560f9-65f5-4f02-abe6-048f9b2b2296',
          host: 'localhost:3000',
          'accept-encoding': 'gzip, deflate, br',
          connection: 'keep-alive',
          'content-type': 'application/x-www-form-urlencoded',
          'content-length': '28',
          cookie: 'access-Token=eyJhbGciOiJIUzI1NiIsInR5cCI6IkpXVCJ9.eyJpYXQiOjE3MDExNjMyMzh9.bZmYNpkLsEc56KvzrYNv0S0y4VmFnhkB5cgt8KoJnoQ'
        },
        method: 'DELETE',
        httpVersion: '1.1',
        originalUrl: '/DeleteProfile',
        query: {}
      },
      res: { statusCode: 500 },
      responseTime: 84
    },
    timestamp: '2023-11-28T10:03:46.528Z'
  }
}
{
  level: 'error',
  message: 'HTTP DELETE /DeleteProfile',
  metadata: {
    meta: {
      req: {
        url: '/DeleteProfile',
        headers: {
          'user-agent': 'PostmanRuntime/7.35.0',
          accept: '*/*',
          'postman-token': 'be7f3c95-fe40-4d54-b80c-6a5259468a3f',
          host: 'localhost:3000',
          'accept-encoding': 'gzip, deflate, br',
          connection: 'keep-alive',
          'content-type': 'application/x-www-form-urlencoded',
          'content-length': '28',
          cookie: 'access-Token=eyJhbGciOiJIUzI1NiIsInR5cCI6IkpXVCJ9.eyJpYXQiOjE3MDExNjMyMzh9.bZmYNpkLsEc56KvzrYNv0S0y4VmFnhkB5cgt8KoJnoQ'
        },
        method: 'DELETE',
        httpVersion: '1.1',
        originalUrl: '/DeleteProfile',
        query: {}
      },
      res: { statusCode: 500 },
      responseTime: 38
    },
    timestamp: '2023-11-28T10:05:08.499Z'
  }
}
{
  level: 'error',
  message: 'HTTP GET /allSentMessages',
  metadata: {
    meta: {
      req: {
        url: '/allSentMessages',
        headers: {
          'user-agent': 'PostmanRuntime/7.35.0',
          accept: '*/*',
          'postman-token': 'c26867e1-d908-4aa3-b3ca-e4e6982d1cbd',
          host: 'localhost:3000',
          'accept-encoding': 'gzip, deflate, br',
          connection: 'keep-alive',
          cookie: 'access-Token=eyJhbGciOiJIUzI1NiIsInR5cCI6IkpXVCJ9.eyJpYXQiOjE3MDEyMzc3MTd9.nekhf3AtVXgEbHWGfhsyJhdQq-7DRXJNrCRxVRIQr2Q'
        },
        method: 'GET',
        httpVersion: '1.1',
        originalUrl: '/allSentMessages',
        query: {}
      },
      res: { statusCode: 500 },
      responseTime: 19
    },
    timestamp: '2023-11-29T06:12:38.949Z'
  }
}
