{
  level: 'error',
  message: 'HTTP POST /update_Min_Max_Age',
  metadata: {
    meta: {
      req: {
        url: '/update_Min_Max_Age',
        headers: {
          'user-agent': 'PostmanRuntime/7.35.0',
          accept: '*/*',
          'postman-token': '1d9aa406-76f1-43e7-a04d-2d0890faa6df',
          host: 'localhost:3000',
          'accept-encoding': 'gzip, deflate, br',
          connection: 'keep-alive',
          'content-type': 'application/x-www-form-urlencoded',
          'content-length': '58',
          cookie: 'access-Token=eyJhbGciOiJIUzI1NiIsInR5cCI6IkpXVCJ9.eyJpYXQiOjE3MDEwNzE4OTF9.tV2xhlx7aa090C5FdcYjhnbitTCdGqesZ27n6C9Jric'
        },
        method: 'POST',
        httpVersion: '1.1',
        originalUrl: '/update_Min_Max_Age',
        query: {}
      },
      res: { statusCode: 500 },
      responseTime: 23
    },
    timestamp: '2023-11-27T10:54:14.755Z'
  }
}
{
  level: 'error',
  message: 'HTTP GET /resetPassword?Token=eyJhbGciOiJIUzI1NiIsInR5cCI6IkpXVCJ9.eyJpYXQiOjE3MDExNjM4MzR9.XOtmKodBT1P3xolbV2kZNUkfuCateLUnZaT0pvjOHv8',
  metadata: {
    meta: {
      req: {
        url: '/resetPassword?Token=eyJhbGciOiJIUzI1NiIsInR5cCI6IkpXVCJ9.eyJpYXQiOjE3MDExNjM4MzR9.XOtmKodBT1P3xolbV2kZNUkfuCateLUnZaT0pvjOHv8',
        headers: {
          host: 'localhost:3000',
          connection: 'keep-alive',
          'upgrade-insecure-requests': '1',
          'user-agent': 'Mozilla/5.0 (Windows NT 10.0; Win64; x64) AppleWebKit/537.36 (KHTML, like Gecko) Chrome/119.0.0.0 Safari/537.36',
          accept: 'text/html,application/xhtml+xml,application/xml;q=0.9,image/avif,image/webp,image/apng,*/*;q=0.8,application/signed-exchange;v=b3;q=0.7',
          'sec-fetch-site': 'cross-site',
          'sec-fetch-mode': 'navigate',
          'sec-fetch-user': '?1',
          'sec-fetch-dest': 'document',
          'sec-ch-ua': '"Google Chrome";v="119", "Chromium";v="119", "Not?A_Brand";v="24"',
          'sec-ch-ua-mobile': '?0',
          'sec-ch-ua-platform': '"Windows"',
          'accept-encoding': 'gzip, deflate, br',
          'accept-language': 'en-US,en;q=0.9,hi;q=0.8',
          cookie: '_ga=GA1.1.1886291254.1682057682; _ga_3NEVJSRSKR=GS1.1.1700828023.3.1.1700828066.0.0.0; _fbp=fb.0.1700828178904.1226289649; _ga_20G8W6MJ0V=GS1.1.1700828178.1.1.1700828290.0.0.0'
        },
        method: 'GET',
        httpVersion: '1.1',
        originalUrl: '/resetPassword?Token=eyJhbGciOiJIUzI1NiIsInR5cCI6IkpXVCJ9.eyJpYXQiOjE3MDExNjM4MzR9.XOtmKodBT1P3xolbV2kZNUkfuCateLUnZaT0pvjOHv8',
        query: {
          Token: 'eyJhbGciOiJIUzI1NiIsInR5cCI6IkpXVCJ9.eyJpYXQiOjE3MDExNjM4MzR9.XOtmKodBT1P3xolbV2kZNUkfuCateLUnZaT0pvjOHv8'
        }
      },
      res: { statusCode: 500 },
      responseTime: 26
    },
    timestamp: '2023-11-28T09:31:26.589Z'
  }
}
{
  level: 'error',
  message: 'HTTP DELETE /DeleteProfile',
  metadata: {
    meta: {
      req: {
        url: '/DeleteProfile',
        headers: {
          'user-agent': 'PostmanRuntime/7.35.0',
          accept: '*/*',
          'postman-token': 'c19560f9-65f5-4f02-abe6-048f9b2b2296',
          host: 'localhost:3000',
          'accept-encoding': 'gzip, deflate, br',
          connection: 'keep-alive',
          'content-type': 'application/x-www-form-urlencoded',
          'content-length': '28',
          cookie: 'access-Token=eyJhbGciOiJIUzI1NiIsInR5cCI6IkpXVCJ9.eyJpYXQiOjE3MDExNjMyMzh9.bZmYNpkLsEc56KvzrYNv0S0y4VmFnhkB5cgt8KoJnoQ'
        },
        method: 'DELETE',
        httpVersion: '1.1',
        originalUrl: '/DeleteProfile',
        query: {}
      },
      res: { statusCode: 500 },
      responseTime: 84
    },
    timestamp: '2023-11-28T10:03:46.528Z'
  }
}
{
  level: 'error',
  message: 'HTTP DELETE /DeleteProfile',
  metadata: {
    meta: {
      req: {
        url: '/DeleteProfile',
        headers: {
          'user-agent': 'PostmanRuntime/7.35.0',
          accept: '*/*',
          'postman-token': 'be7f3c95-fe40-4d54-b80c-6a5259468a3f',
          host: 'localhost:3000',
          'accept-encoding': 'gzip, deflate, br',
          connection: 'keep-alive',
          'content-type': 'application/x-www-form-urlencoded',
          'content-length': '28',
          cookie: 'access-Token=eyJhbGciOiJIUzI1NiIsInR5cCI6IkpXVCJ9.eyJpYXQiOjE3MDExNjMyMzh9.bZmYNpkLsEc56KvzrYNv0S0y4VmFnhkB5cgt8KoJnoQ'
        },
        method: 'DELETE',
        httpVersion: '1.1',
        originalUrl: '/DeleteProfile',
        query: {}
      },
      res: { statusCode: 500 },
      responseTime: 38
    },
    timestamp: '2023-11-28T10:05:08.499Z'
  }
}
{
  level: 'error',
  message: 'HTTP GET /allSentMessages',
  metadata: {
    meta: {
      req: {
        url: '/allSentMessages',
        headers: {
          'user-agent': 'PostmanRuntime/7.35.0',
          accept: '*/*',
          'postman-token': 'c26867e1-d908-4aa3-b3ca-e4e6982d1cbd',
          host: 'localhost:3000',
          'accept-encoding': 'gzip, deflate, br',
          connection: 'keep-alive',
          cookie: 'access-Token=eyJhbGciOiJIUzI1NiIsInR5cCI6IkpXVCJ9.eyJpYXQiOjE3MDEyMzc3MTd9.nekhf3AtVXgEbHWGfhsyJhdQq-7DRXJNrCRxVRIQr2Q'
        },
        method: 'GET',
        httpVersion: '1.1',
        originalUrl: '/allSentMessages',
        query: {}
      },
      res: { statusCode: 500 },
      responseTime: 19
    },
    timestamp: '2023-11-29T06:12:38.949Z'
  }
}
{
  level: 'error',
  message: 'HTTP POST /chatting/socket.io/socket.io.js',
  metadata: {
    meta: {
      req: {
        url: '/chatting/socket.io/socket.io.js',
        headers: {
          'user-agent': 'PostmanRuntime/7.35.0',
          accept: '*/*',
          'postman-token': 'df649444-005a-4cf4-9c5f-d6f5a78750cb',
          host: 'localhost:3000',
          'accept-encoding': 'gzip, deflate, br',
          connection: 'keep-alive',
          'content-type': 'application/x-www-form-urlencoded',
          'content-length': '154',
          cookie: 'access-Token=eyJhbGciOiJIUzI1NiIsInR5cCI6IkpXVCJ9.eyJpYXQiOjE3MDEyMzc3MTd9.nekhf3AtVXgEbHWGfhsyJhdQq-7DRXJNrCRxVRIQr2Q'
        },
        method: 'POST',
        httpVersion: '1.1',
        originalUrl: '/chatting/socket.io/socket.io.js',
        query: {}
      },
      res: { statusCode: 500 },
      responseTime: 51
    },
    timestamp: '2023-11-29T07:07:16.716Z'
  }
}
{
  level: 'error',
  message: 'HTTP POST /chatting',
  metadata: {
    meta: {
      req: {
        url: '/chatting',
        headers: {
          'user-agent': 'PostmanRuntime/7.35.0',
          accept: '*/*',
          'postman-token': '3b426bff-abec-4793-8302-6eefe43ef428',
          host: 'localhost:3000',
          'accept-encoding': 'gzip, deflate, br',
          connection: 'keep-alive',
          'content-type': 'application/x-www-form-urlencoded',
          'content-length': '154',
          cookie: 'access-Token=eyJhbGciOiJIUzI1NiIsInR5cCI6IkpXVCJ9.eyJpYXQiOjE3MDEyNDE2MzZ9.6XRB0Uza485zhAThzskl1Np08cmExTWrOf-dY7GH6bo'
        },
        method: 'POST',
        httpVersion: '1.1',
        originalUrl: '/chatting',
        query: {}
      },
      res: { statusCode: 500 },
      responseTime: 22
    },
    timestamp: '2023-11-29T07:08:29.254Z'
  }
}
{
  level: 'error',
  message: 'HTTP GET /',
  metadata: {
    meta: {
      req: {
        url: '/',
        headers: {
          host: 'localhost:3000',
          connection: 'keep-alive',
          'sec-ch-ua': '"Google Chrome";v="119", "Chromium";v="119", "Not?A_Brand";v="24"',
          'sec-ch-ua-mobile': '?0',
          'sec-ch-ua-platform': '"Windows"',
          'upgrade-insecure-requests': '1',
          'user-agent': 'Mozilla/5.0 (Windows NT 10.0; Win64; x64) AppleWebKit/537.36 (KHTML, like Gecko) Chrome/119.0.0.0 Safari/537.36',
          'sec-purpose': 'prefetch;prerender',
          purpose: 'prefetch',
          accept: 'text/html,application/xhtml+xml,application/xml;q=0.9,image/avif,image/webp,image/apng,*/*;q=0.8,application/signed-exchange;v=b3;q=0.7',
          'sec-fetch-site': 'none',
          'sec-fetch-mode': 'navigate',
          'sec-fetch-user': '?1',
          'sec-fetch-dest': 'document',
          'accept-encoding': 'gzip, deflate, br',
          'accept-language': 'en-US,en;q=0.9,hi;q=0.8',
          cookie: '_ga=GA1.1.1886291254.1682057682; _ga_3NEVJSRSKR=GS1.1.1700828023.3.1.1700828066.0.0.0; _fbp=fb.0.1700828178904.1226289649; _ga_20G8W6MJ0V=GS1.1.1700828178.1.1.1700828290.0.0.0'
        },
        method: 'GET',
        httpVersion: '1.1',
        originalUrl: '/',
        query: {}
      },
      res: { statusCode: 500 },
      responseTime: 18
    },
    timestamp: '2023-11-29T09:24:53.943Z'
  }
}
{
  level: 'error',
  message: 'HTTP GET /',
  metadata: {
    meta: {
      req: {
        url: '/',
        headers: {
          host: 'localhost:3000',
          connection: 'keep-alive',
          'sec-ch-ua': '"Google Chrome";v="119", "Chromium";v="119", "Not?A_Brand";v="24"',
          'sec-ch-ua-mobile': '?0',
          'sec-ch-ua-platform': '"Windows"',
          'upgrade-insecure-requests': '1',
          'user-agent': 'Mozilla/5.0 (Windows NT 10.0; Win64; x64) AppleWebKit/537.36 (KHTML, like Gecko) Chrome/119.0.0.0 Safari/537.36',
          accept: 'text/html,application/xhtml+xml,application/xml;q=0.9,image/avif,image/webp,image/apng,*/*;q=0.8,application/signed-exchange;v=b3;q=0.7',
          'sec-fetch-site': 'none',
          'sec-fetch-mode': 'navigate',
          'sec-fetch-user': '?1',
          'sec-fetch-dest': 'document',
          'accept-encoding': 'gzip, deflate, br',
          'accept-language': 'en-US,en;q=0.9,hi;q=0.8',
          cookie: '_ga=GA1.1.1886291254.1682057682; _ga_3NEVJSRSKR=GS1.1.1700828023.3.1.1700828066.0.0.0; _fbp=fb.0.1700828178904.1226289649; _ga_20G8W6MJ0V=GS1.1.1700828178.1.1.1700828290.0.0.0'
        },
        method: 'GET',
        httpVersion: '1.1',
        originalUrl: '/',
        query: {}
      },
      res: { statusCode: 500 },
      responseTime: 5
    },
    timestamp: '2023-11-29T09:24:54.645Z'
  }
}
{
  level: 'error',
  message: 'HTTP POST /register',
  metadata: {
    meta: {
      req: {
        url: '/register',
        headers: {
          'user-agent': 'PostmanRuntime/7.36.0',
          accept: '*/*',
          'postman-token': '194c2936-f330-4d55-9e99-1fb3083571be',
          host: 'localhost:3000',
          'accept-encoding': 'gzip, deflate, br',
          connection: 'keep-alive',
          'content-type': 'application/x-www-form-urlencoded',
          'content-length': '170',
          cookie: 'access-Token=eyJhbGciOiJIUzI1NiIsInR5cCI6IkpXVCJ9.eyJpYXQiOjE3MDI1OTkzNTB9.mdqrPDpOw0NVbA3WrBhlVuxOPr_tzOyB0MMjZi392iY'
        },
        method: 'POST',
        httpVersion: '1.1',
        originalUrl: '/register',
        query: {}
      },
      res: { statusCode: 500 },
      responseTime: 86
    },
    timestamp: '2023-12-15T01:00:41.328Z'
  }
}
{
  level: 'error',
  message: 'HTTP POST /register',
  metadata: {
    meta: {
      req: {
        url: '/register',
        headers: {
          'user-agent': 'PostmanRuntime/7.36.0',
          accept: '*/*',
          'postman-token': '7dd91a6b-4169-4368-a859-0fc1989634c7',
          host: 'localhost:3000',
          'accept-encoding': 'gzip, deflate, br',
          connection: 'keep-alive',
          'content-type': 'application/x-www-form-urlencoded',
          'content-length': '164',
          cookie: 'access-Token=eyJhbGciOiJIUzI1NiIsInR5cCI6IkpXVCJ9.eyJpYXQiOjE3MDI1OTkzNTB9.mdqrPDpOw0NVbA3WrBhlVuxOPr_tzOyB0MMjZi392iY'
        },
        method: 'POST',
        httpVersion: '1.1',
        originalUrl: '/register',
        query: {}
      },
      res: { statusCode: 500 },
      responseTime: 14
    },
    timestamp: '2023-12-15T01:01:50.324Z'
  }
}
{
  level: 'error',
  message: 'HTTP POST /register',
  metadata: {
    meta: {
      req: {
        url: '/register',
        headers: {
          'user-agent': 'PostmanRuntime/7.36.0',
          accept: '*/*',
          'postman-token': '474d35ef-de8f-4f81-aa01-bea42f9de8c2',
          host: 'localhost:3000',
          'accept-encoding': 'gzip, deflate, br',
          connection: 'keep-alive',
          'content-type': 'application/x-www-form-urlencoded',
          'content-length': '164',
          cookie: 'access-Token=eyJhbGciOiJIUzI1NiIsInR5cCI6IkpXVCJ9.eyJpYXQiOjE3MDI1OTkzNTB9.mdqrPDpOw0NVbA3WrBhlVuxOPr_tzOyB0MMjZi392iY'
        },
        method: 'POST',
        httpVersion: '1.1',
        originalUrl: '/register',
        query: {}
      },
      res: { statusCode: 500 },
      responseTime: 36
    },
    timestamp: '2023-12-15T01:02:50.549Z'
  }
}
{
  level: 'error',
  message: 'HTTP POST /register',
  metadata: {
    meta: {
      req: {
        url: '/register',
        headers: {
          'user-agent': 'PostmanRuntime/7.36.0',
          accept: '*/*',
          'postman-token': 'f5b664ba-8600-4341-8178-0fc859340676',
          host: 'localhost:3000',
          'accept-encoding': 'gzip, deflate, br',
          connection: 'keep-alive',
          'content-type': 'application/x-www-form-urlencoded',
          'content-length': '164',
          cookie: 'access-Token=eyJhbGciOiJIUzI1NiIsInR5cCI6IkpXVCJ9.eyJpYXQiOjE3MDI1OTkzNTB9.mdqrPDpOw0NVbA3WrBhlVuxOPr_tzOyB0MMjZi392iY'
        },
        method: 'POST',
        httpVersion: '1.1',
        originalUrl: '/register',
        query: {}
      },
      res: { statusCode: 500 },
      responseTime: 61
    },
    timestamp: '2023-12-15T01:04:44.973Z'
  }
}
{
  level: 'error',
  message: 'HTTP POST /register',
  metadata: {
    meta: {
      req: {
        url: '/register',
        headers: {
          'user-agent': 'PostmanRuntime/7.36.0',
          accept: '*/*',
          'postman-token': '7bdc2e01-434e-410f-8eeb-3de5b294e743',
          host: 'localhost:3000',
          'accept-encoding': 'gzip, deflate, br',
          connection: 'keep-alive',
          'content-type': 'application/x-www-form-urlencoded',
          'content-length': '164',
          cookie: 'access-Token=eyJhbGciOiJIUzI1NiIsInR5cCI6IkpXVCJ9.eyJpYXQiOjE3MDI1OTkzNTB9.mdqrPDpOw0NVbA3WrBhlVuxOPr_tzOyB0MMjZi392iY'
        },
        method: 'POST',
        httpVersion: '1.1',
        originalUrl: '/register',
        query: {}
      },
      res: { statusCode: 500 },
      responseTime: 43
    },
    timestamp: '2023-12-15T01:06:52.966Z'
  }
}
{
  level: 'error',
  message: 'HTTP POST /register',
  metadata: {
    meta: {
      req: {
        url: '/register',
        headers: {
          'user-agent': 'PostmanRuntime/7.36.0',
          accept: '*/*',
          'postman-token': '60da276a-3a38-41e6-85c6-17bcd5e41518',
          host: 'localhost:3000',
          'accept-encoding': 'gzip, deflate, br',
          connection: 'keep-alive',
          'content-type': 'application/x-www-form-urlencoded',
          'content-length': '164',
          cookie: 'access-Token=eyJhbGciOiJIUzI1NiIsInR5cCI6IkpXVCJ9.eyJpYXQiOjE3MDI1OTkzNTB9.mdqrPDpOw0NVbA3WrBhlVuxOPr_tzOyB0MMjZi392iY'
        },
        method: 'POST',
        httpVersion: '1.1',
        originalUrl: '/register',
        query: {}
      },
      res: { statusCode: 500 },
      responseTime: 38
    },
    timestamp: '2023-12-15T01:12:21.459Z'
  }
}
{
  level: 'error',
  message: 'HTTP POST /register',
  metadata: {
    meta: {
      req: {
        url: '/register',
        headers: {
          'user-agent': 'PostmanRuntime/7.36.0',
          accept: '*/*',
          'postman-token': '15972156-2467-4c1f-9e9b-0642bb69f53c',
          host: 'localhost:3000',
          'accept-encoding': 'gzip, deflate, br',
          connection: 'keep-alive',
          'content-type': 'application/x-www-form-urlencoded',
          'content-length': '164',
          cookie: 'access-Token=eyJhbGciOiJIUzI1NiIsInR5cCI6IkpXVCJ9.eyJpYXQiOjE3MDI1OTkzNTB9.mdqrPDpOw0NVbA3WrBhlVuxOPr_tzOyB0MMjZi392iY'
        },
        method: 'POST',
        httpVersion: '1.1',
        originalUrl: '/register',
        query: {}
      },
      res: { statusCode: 500 },
      responseTime: 29
    },
    timestamp: '2023-12-15T01:15:03.241Z'
  }
}
{
  level: 'error',
  message: 'HTTP POST /register',
  metadata: {
    meta: {
      req: {
        url: '/register',
        headers: {
          'user-agent': 'PostmanRuntime/7.36.0',
          accept: '*/*',
          'postman-token': 'a18a9e81-d01a-40ca-8f9a-5fe12d9f9834',
          host: 'localhost:3000',
          'accept-encoding': 'gzip, deflate, br',
          connection: 'keep-alive',
          'content-type': 'application/x-www-form-urlencoded',
          'content-length': '164',
          cookie: 'access-Token=eyJhbGciOiJIUzI1NiIsInR5cCI6IkpXVCJ9.eyJpYXQiOjE3MDI1OTkzNTB9.mdqrPDpOw0NVbA3WrBhlVuxOPr_tzOyB0MMjZi392iY'
        },
        method: 'POST',
        httpVersion: '1.1',
        originalUrl: '/register',
        query: {}
      },
      res: { statusCode: 500 },
      responseTime: 61
    },
    timestamp: '2023-12-15T01:15:24.459Z'
  }
}
{
  level: 'error',
  message: 'HTTP POST /register',
  metadata: {
    meta: {
      req: {
        url: '/register',
        headers: {
          'user-agent': 'PostmanRuntime/7.36.0',
          accept: '*/*',
          'postman-token': 'aa9cec2d-3210-4971-b6bc-aa875bed3f8a',
          host: 'localhost:3000',
          'accept-encoding': 'gzip, deflate, br',
          connection: 'keep-alive',
          'content-type': 'application/x-www-form-urlencoded',
          'content-length': '164',
          cookie: 'access-Token=eyJhbGciOiJIUzI1NiIsInR5cCI6IkpXVCJ9.eyJpYXQiOjE3MDI1OTkzNTB9.mdqrPDpOw0NVbA3WrBhlVuxOPr_tzOyB0MMjZi392iY'
        },
        method: 'POST',
        httpVersion: '1.1',
        originalUrl: '/register',
        query: {}
      },
      res: { statusCode: 500 },
      responseTime: 50
    },
    timestamp: '2023-12-15T01:16:02.442Z'
  }
}
{
  level: 'error',
  message: 'HTTP POST /register',
  metadata: {
    meta: {
      req: {
        url: '/register',
        headers: {
          'user-agent': 'PostmanRuntime/7.36.0',
          accept: '*/*',
          'postman-token': '67af2c28-9469-4f23-b84b-bf05ffdf2d51',
          host: 'localhost:3000',
          'accept-encoding': 'gzip, deflate, br',
          connection: 'keep-alive',
          'content-type': 'application/x-www-form-urlencoded',
          'content-length': '164',
          cookie: 'access-Token=eyJhbGciOiJIUzI1NiIsInR5cCI6IkpXVCJ9.eyJpYXQiOjE3MDI1OTkzNTB9.mdqrPDpOw0NVbA3WrBhlVuxOPr_tzOyB0MMjZi392iY'
        },
        method: 'POST',
        httpVersion: '1.1',
        originalUrl: '/register',
        query: {}
      },
      res: { statusCode: 500 },
      responseTime: 75
    },
    timestamp: '2023-12-15T01:17:36.780Z'
  }
}
{
  level: 'error',
  message: 'HTTP POST /register',
  metadata: {
    meta: {
      req: {
        url: '/register',
        headers: {
          'user-agent': 'PostmanRuntime/7.36.0',
          accept: '*/*',
          'postman-token': '726c8bcc-7826-47c6-81dc-0ee6cd1874de',
          host: 'localhost:3000',
          'accept-encoding': 'gzip, deflate, br',
          connection: 'keep-alive',
          'content-type': 'application/x-www-form-urlencoded',
          'content-length': '164',
          cookie: 'access-Token=eyJhbGciOiJIUzI1NiIsInR5cCI6IkpXVCJ9.eyJpYXQiOjE3MDI1OTkzNTB9.mdqrPDpOw0NVbA3WrBhlVuxOPr_tzOyB0MMjZi392iY'
        },
        method: 'POST',
        httpVersion: '1.1',
        originalUrl: '/register',
        query: {}
      },
      res: { statusCode: 500 },
      responseTime: 39
    },
    timestamp: '2023-12-15T01:17:58.795Z'
  }
}
{
  level: 'error',
  message: 'HTTP POST /register',
  metadata: {
    meta: {
      req: {
        url: '/register',
        headers: {
          'user-agent': 'PostmanRuntime/7.36.0',
          accept: '*/*',
          'postman-token': '94301258-04d3-40da-830f-5026008ee285',
          host: 'localhost:3000',
          'accept-encoding': 'gzip, deflate, br',
          connection: 'keep-alive',
          'content-type': 'application/x-www-form-urlencoded',
          'content-length': '164',
          cookie: 'access-Token=eyJhbGciOiJIUzI1NiIsInR5cCI6IkpXVCJ9.eyJpYXQiOjE3MDI1OTkzNTB9.mdqrPDpOw0NVbA3WrBhlVuxOPr_tzOyB0MMjZi392iY'
        },
        method: 'POST',
        httpVersion: '1.1',
        originalUrl: '/register',
        query: {}
      },
      res: { statusCode: 500 },
      responseTime: 36
    },
    timestamp: '2023-12-15T01:19:08.589Z'
  }
}
{
  level: 'error',
  message: 'HTTP POST /register',
  metadata: {
    meta: {
      req: {
        url: '/register',
        headers: {
          'user-agent': 'PostmanRuntime/7.36.0',
          accept: '*/*',
          'postman-token': '68a293ab-7586-4ecc-b9cd-313488979e56',
          host: 'localhost:3000',
          'accept-encoding': 'gzip, deflate, br',
          connection: 'keep-alive',
          'content-type': 'application/x-www-form-urlencoded',
          'content-length': '164',
          cookie: 'access-Token=eyJhbGciOiJIUzI1NiIsInR5cCI6IkpXVCJ9.eyJpYXQiOjE3MDI1OTkzNTB9.mdqrPDpOw0NVbA3WrBhlVuxOPr_tzOyB0MMjZi392iY'
        },
        method: 'POST',
        httpVersion: '1.1',
        originalUrl: '/register',
        query: {}
      },
      res: { statusCode: 500 },
      responseTime: 30
    },
    timestamp: '2023-12-15T01:21:06.782Z'
  }
}
{
  level: 'error',
  message: 'HTTP POST /register',
  metadata: {
    meta: {
      req: {
        url: '/register',
        headers: {
          'user-agent': 'PostmanRuntime/7.36.0',
          accept: '*/*',
          'postman-token': '38995374-724e-4fac-8dc2-f751f6e1f709',
          host: 'localhost:3000',
          'accept-encoding': 'gzip, deflate, br',
          connection: 'keep-alive',
          'content-type': 'application/x-www-form-urlencoded',
          'content-length': '164',
          cookie: 'access-Token=eyJhbGciOiJIUzI1NiIsInR5cCI6IkpXVCJ9.eyJpYXQiOjE3MDI1OTkzNTB9.mdqrPDpOw0NVbA3WrBhlVuxOPr_tzOyB0MMjZi392iY'
        },
        method: 'POST',
        httpVersion: '1.1',
        originalUrl: '/register',
        query: {}
      },
      res: { statusCode: 500 },
      responseTime: 29
    },
    timestamp: '2023-12-15T01:21:37.065Z'
  }
}
{
  level: 'error',
  message: 'HTTP POST /register',
  metadata: {
    meta: {
      req: {
        url: '/register',
        headers: {
          'user-agent': 'PostmanRuntime/7.36.0',
          accept: '*/*',
          'postman-token': 'd950ae66-c94c-44ee-a630-7474a2722cf6',
          host: 'localhost:3000',
          'accept-encoding': 'gzip, deflate, br',
          connection: 'keep-alive',
          'content-type': 'application/x-www-form-urlencoded',
          'content-length': '164',
          cookie: 'access-Token=eyJhbGciOiJIUzI1NiIsInR5cCI6IkpXVCJ9.eyJpYXQiOjE3MDI1OTkzNTB9.mdqrPDpOw0NVbA3WrBhlVuxOPr_tzOyB0MMjZi392iY'
        },
        method: 'POST',
        httpVersion: '1.1',
        originalUrl: '/register',
        query: {}
      },
      res: { statusCode: 500 },
      responseTime: 34
    },
    timestamp: '2023-12-15T01:22:36.688Z'
  }
}
{
  level: 'error',
  message: 'HTTP POST /register',
  metadata: {
    meta: {
      req: {
        url: '/register',
        headers: {
          'user-agent': 'PostmanRuntime/7.36.0',
          accept: '*/*',
          'postman-token': '6fcd9370-0a57-4ea5-a675-6b7ce0a47ced',
          host: 'localhost:3000',
          'accept-encoding': 'gzip, deflate, br',
          connection: 'keep-alive',
          'content-type': 'application/x-www-form-urlencoded',
          'content-length': '164',
          cookie: 'access-Token=eyJhbGciOiJIUzI1NiIsInR5cCI6IkpXVCJ9.eyJpYXQiOjE3MDI1OTkzNTB9.mdqrPDpOw0NVbA3WrBhlVuxOPr_tzOyB0MMjZi392iY'
        },
        method: 'POST',
        httpVersion: '1.1',
        originalUrl: '/register',
        query: {}
      },
      res: { statusCode: 500 },
      responseTime: 54
    },
    timestamp: '2023-12-15T01:24:38.502Z'
  }
}
